                              1 ;--------------------------------------------------------
                              2 ; File Created by SDCC : free open source ANSI-C Compiler
                              3 ; Version 2.9.0 #5416 (Feb  7 2011) (MSVC)
                              4 ; This file was generated Thu Nov 28 10:57:43 2019
                              5 ;--------------------------------------------------------
                              6 	.module SHARED_INT
                              7 	.optsdcc -mxc800 --model-small
                              8 	
                              9 ;--------------------------------------------------------
                             10 ; Public variables in this module
                             11 ;--------------------------------------------------------
                             12 	.globl _P4_7
                             13 	.globl _P4_6
                             14 	.globl _P4_5
                             15 	.globl _P4_4
                             16 	.globl _P4_3
                             17 	.globl _P4_2
                             18 	.globl _P4_1
                             19 	.globl _P4_0
                             20 	.globl _P3_7
                             21 	.globl _P3_6
                             22 	.globl _P3_5
                             23 	.globl _P3_4
                             24 	.globl _P3_3
                             25 	.globl _P3_2
                             26 	.globl _P3_1
                             27 	.globl _P3_0
                             28 	.globl _P2_7
                             29 	.globl _P2_6
                             30 	.globl _P2_5
                             31 	.globl _P2_4
                             32 	.globl _P2_3
                             33 	.globl _P2_2
                             34 	.globl _P2_1
                             35 	.globl _P2_0
                             36 	.globl _P1_7
                             37 	.globl _P1_6
                             38 	.globl _P1_5
                             39 	.globl _P1_4
                             40 	.globl _P1_3
                             41 	.globl _P1_2
                             42 	.globl _P1_1
                             43 	.globl _P1_0
                             44 	.globl _P0_7
                             45 	.globl _P0_6
                             46 	.globl _P0_5
                             47 	.globl _P0_4
                             48 	.globl _P0_3
                             49 	.globl _P0_2
                             50 	.globl _P0_1
                             51 	.globl _P0_0
                             52 	.globl _TI_1
                             53 	.globl _TB8_1
                             54 	.globl _SM2_1
                             55 	.globl _SM1_1
                             56 	.globl _SM0_1
                             57 	.globl _RI_1
                             58 	.globl _REN_1
                             59 	.globl _RB8_1
                             60 	.globl _TR1
                             61 	.globl _TR0
                             62 	.globl _TF1
                             63 	.globl _TF0
                             64 	.globl _IT1
                             65 	.globl _IT0
                             66 	.globl _IE1
                             67 	.globl _IE0
                             68 	.globl _TR2
                             69 	.globl _TF2
                             70 	.globl _EXF2
                             71 	.globl _EXEN2
                             72 	.globl _CP_RL2
                             73 	.globl _C_T2
                             74 	.globl _TI
                             75 	.globl _TB8
                             76 	.globl _SM2
                             77 	.globl _SM1
                             78 	.globl _SM0
                             79 	.globl _RI
                             80 	.globl _REN
                             81 	.globl _RB8
                             82 	.globl _RS1
                             83 	.globl _RS0
                             84 	.globl _P
                             85 	.globl _OV
                             86 	.globl _F1
                             87 	.globl _F0
                             88 	.globl _CY
                             89 	.globl _AC
                             90 	.globl _MDU_BSY
                             91 	.globl _IRDY
                             92 	.globl _IERR
                             93 	.globl _PX1
                             94 	.globl _PX0
                             95 	.globl _PT2
                             96 	.globl _PT1
                             97 	.globl _PT0
                             98 	.globl _PS
                             99 	.globl _PXM
                            100 	.globl _PX2
                            101 	.globl _PSSC
                            102 	.globl _PCCIP3
                            103 	.globl _PCCIP2
                            104 	.globl _PCCIP1
                            105 	.globl _PCCIP0
                            106 	.globl _PADC
                            107 	.globl _EXM
                            108 	.globl _EX2
                            109 	.globl _ESSC
                            110 	.globl _ECCIP3
                            111 	.globl _ECCIP2
                            112 	.globl _ECCIP1
                            113 	.globl _ECCIP0
                            114 	.globl _EADC
                            115 	.globl _EX1
                            116 	.globl _EX0
                            117 	.globl _ET2
                            118 	.globl _ET1
                            119 	.globl _ET0
                            120 	.globl _ES
                            121 	.globl _EA
                            122 	.globl _KEEPZ
                            123 	.globl _KEEPY
                            124 	.globl _KEEPX
                            125 	.globl _INT_EN
                            126 	.globl _ERROR
                            127 	.globl _EOC
                            128 	.globl _DMAP
                            129 	.globl _CD_BSY
                            130 	.globl _T2_T2LH
                            131 	.globl _T2_RC2LH
                            132 	.globl _CCU6_T13PRLH
                            133 	.globl _CCU6_T13LH
                            134 	.globl _CCU6_T12PRLH
                            135 	.globl _CCU6_T12LH
                            136 	.globl _CCU6_CC63SRLH
                            137 	.globl _CCU6_CC63RLH
                            138 	.globl _CCU6_CC62SRLH
                            139 	.globl _CCU6_CC62RLH
                            140 	.globl _CCU6_CC61SRLH
                            141 	.globl _CCU6_CC61RLH
                            142 	.globl _CCU6_CC60SRLH
                            143 	.globl _CCU6_CC60RLH
                            144 	.globl _ADC_RESRA3LH
                            145 	.globl _ADC_RESRA2LH
                            146 	.globl _ADC_RESRA1LH
                            147 	.globl _ADC_RESRA0LH
                            148 	.globl _ADC_RESR3LH
                            149 	.globl _ADC_RESR2LH
                            150 	.globl _ADC_RESR1LH
                            151 	.globl _ADC_RESR0LH
                            152 	.globl _XADDRH
                            153 	.globl _WDTWINB
                            154 	.globl _WDTREL
                            155 	.globl _WDTL
                            156 	.globl _WDTH
                            157 	.globl _WDTCON
                            158 	.globl _UART1_SCON
                            159 	.globl _UART1_SBUF
                            160 	.globl _UART1_FDSTEP
                            161 	.globl _UART1_FDRES
                            162 	.globl _UART1_FDCON
                            163 	.globl _UART1_BG
                            164 	.globl _UART1_BCON
                            165 	.globl _TMOD
                            166 	.globl _TL1
                            167 	.globl _TL0
                            168 	.globl _TH1
                            169 	.globl _TH0
                            170 	.globl _TCON
                            171 	.globl _T2_T2MOD
                            172 	.globl _T2_T2L
                            173 	.globl _T2_T2H
                            174 	.globl _T2_T2CON
                            175 	.globl _T2_RC2L
                            176 	.globl _T2_RC2H
                            177 	.globl _T21_T2MOD
                            178 	.globl _T21_T2L
                            179 	.globl _T21_T2H
                            180 	.globl _T21_T2CON
                            181 	.globl _T21_RC2L
                            182 	.globl _T21_RC2H
                            183 	.globl _SYSCON0
                            184 	.globl _SSC_TBL
                            185 	.globl _SSC_RBL
                            186 	.globl _SSC_PISEL
                            187 	.globl _SSC_CONL_P
                            188 	.globl _SSC_CONL_O
                            189 	.globl _SSC_CONH_P
                            190 	.globl _SSC_CONH_O
                            191 	.globl _SSC_BRL
                            192 	.globl _SSC_BRH
                            193 	.globl _SP
                            194 	.globl _SCU_PAGE
                            195 	.globl _SCON
                            196 	.globl _SBUF
                            197 	.globl _PSW
                            198 	.globl _PORT_PAGE
                            199 	.globl _PMCON2
                            200 	.globl _PMCON1
                            201 	.globl _PMCON0
                            202 	.globl _PLL_CON
                            203 	.globl _PCON
                            204 	.globl _PASSWD
                            205 	.globl _P5_PUDSEL
                            206 	.globl _P5_PUDEN
                            207 	.globl _P5_OD
                            208 	.globl _P5_DIR
                            209 	.globl _P5_DATA
                            210 	.globl _P5_ALTSEL1
                            211 	.globl _P5_ALTSEL0
                            212 	.globl _P4_PUDSEL
                            213 	.globl _P4_PUDEN
                            214 	.globl _P4_OD
                            215 	.globl _P4_DIR
                            216 	.globl _P4_DATA
                            217 	.globl _P4_ALTSEL1
                            218 	.globl _P4_ALTSEL0
                            219 	.globl _P3_PUDSEL
                            220 	.globl _P3_PUDEN
                            221 	.globl _P3_OD
                            222 	.globl _P3_DIR
                            223 	.globl _P3_DATA
                            224 	.globl _P3_ALTSEL1
                            225 	.globl _P3_ALTSEL0
                            226 	.globl _P2_PUDSEL
                            227 	.globl _P2_PUDEN
                            228 	.globl _P2_DIR
                            229 	.globl _P2_DATA
                            230 	.globl _P1_PUDSEL
                            231 	.globl _P1_PUDEN
                            232 	.globl _P1_OD
                            233 	.globl _P1_DIR
                            234 	.globl _P1_DATA
                            235 	.globl _P1_ALTSEL1
                            236 	.globl _P1_ALTSEL0
                            237 	.globl _P0_PUDSEL
                            238 	.globl _P0_PUDEN
                            239 	.globl _P0_OD
                            240 	.globl _P0_DIR
                            241 	.globl _P0_DATA
                            242 	.globl _P0_ALTSEL1
                            243 	.globl _P0_ALTSEL0
                            244 	.globl _OSC_CON
                            245 	.globl _NMISR
                            246 	.globl _NMICON
                            247 	.globl _MODSUSP
                            248 	.globl _MODPISEL2
                            249 	.globl _MODPISEL1
                            250 	.globl _MODPISEL
                            251 	.globl _MMWR2
                            252 	.globl _MMWR1
                            253 	.globl _MMSR
                            254 	.globl _MMICR
                            255 	.globl _MMDR
                            256 	.globl _MMCR2
                            257 	.globl _MMCR
                            258 	.globl _MMBPCR
                            259 	.globl _MISC_CON
                            260 	.globl _MDU_MR5
                            261 	.globl _MDU_MR4
                            262 	.globl _MDU_MR3
                            263 	.globl _MDU_MR2
                            264 	.globl _MDU_MR1
                            265 	.globl _MDU_MR0
                            266 	.globl _MDU_MDUSTAT
                            267 	.globl _MDU_MDUCON
                            268 	.globl _MDU_MD5
                            269 	.globl _MDU_MD4
                            270 	.globl _MDU_MD3
                            271 	.globl _MDU_MD2
                            272 	.globl _MDU_MD1
                            273 	.globl _MDU_MD0
                            274 	.globl _IRCON4
                            275 	.globl _IRCON3
                            276 	.globl _IRCON2
                            277 	.globl _IRCON1
                            278 	.globl _IRCON0
                            279 	.globl _IPH1
                            280 	.globl _IPH
                            281 	.globl _IP1
                            282 	.globl _IP
                            283 	.globl _IEN1
                            284 	.globl _IEN0
                            285 	.globl _ID
                            286 	.globl _HWBPSR
                            287 	.globl _HWBPDR
                            288 	.globl _FEAL
                            289 	.globl _FEAH
                            290 	.globl _FDSTEP
                            291 	.globl _FDRES
                            292 	.globl _FDCON
                            293 	.globl _EXICON1
                            294 	.globl _EXICON0
                            295 	.globl _EO
                            296 	.globl _DPL
                            297 	.globl _DPH
                            298 	.globl _COCON
                            299 	.globl _CMCON
                            300 	.globl _CD_STATC
                            301 	.globl _CD_CORDZL
                            302 	.globl _CD_CORDZH
                            303 	.globl _CD_CORDYL
                            304 	.globl _CD_CORDYH
                            305 	.globl _CD_CORDXL
                            306 	.globl _CD_CORDXH
                            307 	.globl _CD_CON
                            308 	.globl _CCU6_TRPCTRL
                            309 	.globl _CCU6_TRPCTRH
                            310 	.globl _CCU6_TCTR4L
                            311 	.globl _CCU6_TCTR4H
                            312 	.globl _CCU6_TCTR2L
                            313 	.globl _CCU6_TCTR2H
                            314 	.globl _CCU6_TCTR0L
                            315 	.globl _CCU6_TCTR0H
                            316 	.globl _CCU6_T13PRL
                            317 	.globl _CCU6_T13PRH
                            318 	.globl _CCU6_T13L
                            319 	.globl _CCU6_T13H
                            320 	.globl _CCU6_T12PRL
                            321 	.globl _CCU6_T12PRH
                            322 	.globl _CCU6_T12MSELL
                            323 	.globl _CCU6_T12MSELH
                            324 	.globl _CCU6_T12L
                            325 	.globl _CCU6_T12H
                            326 	.globl _CCU6_T12DTCL
                            327 	.globl _CCU6_T12DTCH
                            328 	.globl _CCU6_PSLR
                            329 	.globl _CCU6_PISEL2
                            330 	.globl _CCU6_PISEL0L
                            331 	.globl _CCU6_PISEL0H
                            332 	.globl _CCU6_PAGE
                            333 	.globl _CCU6_MODCTRL
                            334 	.globl _CCU6_MODCTRH
                            335 	.globl _CCU6_MCMOUTSL
                            336 	.globl _CCU6_MCMOUTSH
                            337 	.globl _CCU6_MCMOUTL
                            338 	.globl _CCU6_MCMOUTH
                            339 	.globl _CCU6_MCMCTR
                            340 	.globl _CCU6_ISSL
                            341 	.globl _CCU6_ISSH
                            342 	.globl _CCU6_ISRL
                            343 	.globl _CCU6_ISRH
                            344 	.globl _CCU6_ISL
                            345 	.globl _CCU6_ISH
                            346 	.globl _CCU6_INPL
                            347 	.globl _CCU6_INPH
                            348 	.globl _CCU6_IENL
                            349 	.globl _CCU6_IENH
                            350 	.globl _CCU6_CMPSTATL
                            351 	.globl _CCU6_CMPSTATH
                            352 	.globl _CCU6_CMPMODIFL
                            353 	.globl _CCU6_CMPMODIFH
                            354 	.globl _CCU6_CC63SRL
                            355 	.globl _CCU6_CC63SRH
                            356 	.globl _CCU6_CC63RL
                            357 	.globl _CCU6_CC63RH
                            358 	.globl _CCU6_CC62SRL
                            359 	.globl _CCU6_CC62SRH
                            360 	.globl _CCU6_CC62RL
                            361 	.globl _CCU6_CC62RH
                            362 	.globl _CCU6_CC61SRL
                            363 	.globl _CCU6_CC61SRH
                            364 	.globl _CCU6_CC61RL
                            365 	.globl _CCU6_CC61RH
                            366 	.globl _CCU6_CC60SRL
                            367 	.globl _CCU6_CC60SRH
                            368 	.globl _CCU6_CC60RL
                            369 	.globl _CCU6_CC60RH
                            370 	.globl _CAN_DATA3
                            371 	.globl _CAN_DATA2
                            372 	.globl _CAN_DATA1
                            373 	.globl _CAN_DATA0
                            374 	.globl _CAN_ADL
                            375 	.globl _CAN_ADH
                            376 	.globl _CAN_ADCON
                            377 	.globl _BG
                            378 	.globl _BCON
                            379 	.globl _B
                            380 	.globl _ADC_VFCR
                            381 	.globl _ADC_RESRA3L
                            382 	.globl _ADC_RESRA3H
                            383 	.globl _ADC_RESRA2L
                            384 	.globl _ADC_RESRA2H
                            385 	.globl _ADC_RESRA1L
                            386 	.globl _ADC_RESRA1H
                            387 	.globl _ADC_RESRA0L
                            388 	.globl _ADC_RESRA0H
                            389 	.globl _ADC_RESR3L
                            390 	.globl _ADC_RESR3H
                            391 	.globl _ADC_RESR2L
                            392 	.globl _ADC_RESR2H
                            393 	.globl _ADC_RESR1L
                            394 	.globl _ADC_RESR1H
                            395 	.globl _ADC_RESR0L
                            396 	.globl _ADC_RESR0H
                            397 	.globl _ADC_RCR3
                            398 	.globl _ADC_RCR2
                            399 	.globl _ADC_RCR1
                            400 	.globl _ADC_RCR0
                            401 	.globl _ADC_QSR0
                            402 	.globl _ADC_QMR0
                            403 	.globl _ADC_QINR0
                            404 	.globl _ADC_QBUR0
                            405 	.globl _ADC_Q0R0
                            406 	.globl _ADC_PRAR
                            407 	.globl _ADC_PAGE
                            408 	.globl _ADC_LCBR
                            409 	.globl _ADC_INPCR0
                            410 	.globl _ADC_GLOBSTR
                            411 	.globl _ADC_GLOBCTR
                            412 	.globl _ADC_EVINSR
                            413 	.globl _ADC_EVINPR
                            414 	.globl _ADC_EVINFR
                            415 	.globl _ADC_EVINCR
                            416 	.globl _ADC_ETRCR
                            417 	.globl _ADC_CRPR1
                            418 	.globl _ADC_CRMR1
                            419 	.globl _ADC_CRCR1
                            420 	.globl _ADC_CHINSR
                            421 	.globl _ADC_CHINPR
                            422 	.globl _ADC_CHINFR
                            423 	.globl _ADC_CHINCR
                            424 	.globl _ADC_CHCTR7
                            425 	.globl _ADC_CHCTR6
                            426 	.globl _ADC_CHCTR5
                            427 	.globl _ADC_CHCTR4
                            428 	.globl _ADC_CHCTR3
                            429 	.globl _ADC_CHCTR2
                            430 	.globl _ADC_CHCTR1
                            431 	.globl _ADC_CHCTR0
                            432 	.globl _ACC
                            433 	.globl _SHINT_vInit
                            434 	.globl _SHINT_viXINTR5Isr
                            435 ;--------------------------------------------------------
                            436 ; special function registers
                            437 ;--------------------------------------------------------
                            438 	.area RSEG    (DATA)
                    00E0    439 G$ACC$0$0 == 0x00e0
                    00E0    440 _ACC	=	0x00e0
                    00CA    441 G$ADC_CHCTR0$0$0 == 0x00ca
                    00CA    442 _ADC_CHCTR0	=	0x00ca
                    00CB    443 G$ADC_CHCTR1$0$0 == 0x00cb
                    00CB    444 _ADC_CHCTR1	=	0x00cb
                    00CC    445 G$ADC_CHCTR2$0$0 == 0x00cc
                    00CC    446 _ADC_CHCTR2	=	0x00cc
                    00CD    447 G$ADC_CHCTR3$0$0 == 0x00cd
                    00CD    448 _ADC_CHCTR3	=	0x00cd
                    00CE    449 G$ADC_CHCTR4$0$0 == 0x00ce
                    00CE    450 _ADC_CHCTR4	=	0x00ce
                    00CF    451 G$ADC_CHCTR5$0$0 == 0x00cf
                    00CF    452 _ADC_CHCTR5	=	0x00cf
                    00D2    453 G$ADC_CHCTR6$0$0 == 0x00d2
                    00D2    454 _ADC_CHCTR6	=	0x00d2
                    00D3    455 G$ADC_CHCTR7$0$0 == 0x00d3
                    00D3    456 _ADC_CHCTR7	=	0x00d3
                    00CB    457 G$ADC_CHINCR$0$0 == 0x00cb
                    00CB    458 _ADC_CHINCR	=	0x00cb
                    00CA    459 G$ADC_CHINFR$0$0 == 0x00ca
                    00CA    460 _ADC_CHINFR	=	0x00ca
                    00CD    461 G$ADC_CHINPR$0$0 == 0x00cd
                    00CD    462 _ADC_CHINPR	=	0x00cd
                    00CC    463 G$ADC_CHINSR$0$0 == 0x00cc
                    00CC    464 _ADC_CHINSR	=	0x00cc
                    00CA    465 G$ADC_CRCR1$0$0 == 0x00ca
                    00CA    466 _ADC_CRCR1	=	0x00ca
                    00CC    467 G$ADC_CRMR1$0$0 == 0x00cc
                    00CC    468 _ADC_CRMR1	=	0x00cc
                    00CB    469 G$ADC_CRPR1$0$0 == 0x00cb
                    00CB    470 _ADC_CRPR1	=	0x00cb
                    00CF    471 G$ADC_ETRCR$0$0 == 0x00cf
                    00CF    472 _ADC_ETRCR	=	0x00cf
                    00CF    473 G$ADC_EVINCR$0$0 == 0x00cf
                    00CF    474 _ADC_EVINCR	=	0x00cf
                    00CE    475 G$ADC_EVINFR$0$0 == 0x00ce
                    00CE    476 _ADC_EVINFR	=	0x00ce
                    00D3    477 G$ADC_EVINPR$0$0 == 0x00d3
                    00D3    478 _ADC_EVINPR	=	0x00d3
                    00D2    479 G$ADC_EVINSR$0$0 == 0x00d2
                    00D2    480 _ADC_EVINSR	=	0x00d2
                    00CA    481 G$ADC_GLOBCTR$0$0 == 0x00ca
                    00CA    482 _ADC_GLOBCTR	=	0x00ca
                    00CB    483 G$ADC_GLOBSTR$0$0 == 0x00cb
                    00CB    484 _ADC_GLOBSTR	=	0x00cb
                    00CE    485 G$ADC_INPCR0$0$0 == 0x00ce
                    00CE    486 _ADC_INPCR0	=	0x00ce
                    00CD    487 G$ADC_LCBR$0$0 == 0x00cd
                    00CD    488 _ADC_LCBR	=	0x00cd
                    00D1    489 G$ADC_PAGE$0$0 == 0x00d1
                    00D1    490 _ADC_PAGE	=	0x00d1
                    00CC    491 G$ADC_PRAR$0$0 == 0x00cc
                    00CC    492 _ADC_PRAR	=	0x00cc
                    00CF    493 G$ADC_Q0R0$0$0 == 0x00cf
                    00CF    494 _ADC_Q0R0	=	0x00cf
                    00D2    495 G$ADC_QBUR0$0$0 == 0x00d2
                    00D2    496 _ADC_QBUR0	=	0x00d2
                    00D2    497 G$ADC_QINR0$0$0 == 0x00d2
                    00D2    498 _ADC_QINR0	=	0x00d2
                    00CD    499 G$ADC_QMR0$0$0 == 0x00cd
                    00CD    500 _ADC_QMR0	=	0x00cd
                    00CE    501 G$ADC_QSR0$0$0 == 0x00ce
                    00CE    502 _ADC_QSR0	=	0x00ce
                    00CA    503 G$ADC_RCR0$0$0 == 0x00ca
                    00CA    504 _ADC_RCR0	=	0x00ca
                    00CB    505 G$ADC_RCR1$0$0 == 0x00cb
                    00CB    506 _ADC_RCR1	=	0x00cb
                    00CC    507 G$ADC_RCR2$0$0 == 0x00cc
                    00CC    508 _ADC_RCR2	=	0x00cc
                    00CD    509 G$ADC_RCR3$0$0 == 0x00cd
                    00CD    510 _ADC_RCR3	=	0x00cd
                    00CB    511 G$ADC_RESR0H$0$0 == 0x00cb
                    00CB    512 _ADC_RESR0H	=	0x00cb
                    00CA    513 G$ADC_RESR0L$0$0 == 0x00ca
                    00CA    514 _ADC_RESR0L	=	0x00ca
                    00CD    515 G$ADC_RESR1H$0$0 == 0x00cd
                    00CD    516 _ADC_RESR1H	=	0x00cd
                    00CC    517 G$ADC_RESR1L$0$0 == 0x00cc
                    00CC    518 _ADC_RESR1L	=	0x00cc
                    00CF    519 G$ADC_RESR2H$0$0 == 0x00cf
                    00CF    520 _ADC_RESR2H	=	0x00cf
                    00CE    521 G$ADC_RESR2L$0$0 == 0x00ce
                    00CE    522 _ADC_RESR2L	=	0x00ce
                    00D3    523 G$ADC_RESR3H$0$0 == 0x00d3
                    00D3    524 _ADC_RESR3H	=	0x00d3
                    00D2    525 G$ADC_RESR3L$0$0 == 0x00d2
                    00D2    526 _ADC_RESR3L	=	0x00d2
                    00CB    527 G$ADC_RESRA0H$0$0 == 0x00cb
                    00CB    528 _ADC_RESRA0H	=	0x00cb
                    00CA    529 G$ADC_RESRA0L$0$0 == 0x00ca
                    00CA    530 _ADC_RESRA0L	=	0x00ca
                    00CD    531 G$ADC_RESRA1H$0$0 == 0x00cd
                    00CD    532 _ADC_RESRA1H	=	0x00cd
                    00CC    533 G$ADC_RESRA1L$0$0 == 0x00cc
                    00CC    534 _ADC_RESRA1L	=	0x00cc
                    00CF    535 G$ADC_RESRA2H$0$0 == 0x00cf
                    00CF    536 _ADC_RESRA2H	=	0x00cf
                    00CE    537 G$ADC_RESRA2L$0$0 == 0x00ce
                    00CE    538 _ADC_RESRA2L	=	0x00ce
                    00D3    539 G$ADC_RESRA3H$0$0 == 0x00d3
                    00D3    540 _ADC_RESRA3H	=	0x00d3
                    00D2    541 G$ADC_RESRA3L$0$0 == 0x00d2
                    00D2    542 _ADC_RESRA3L	=	0x00d2
                    00CE    543 G$ADC_VFCR$0$0 == 0x00ce
                    00CE    544 _ADC_VFCR	=	0x00ce
                    00F0    545 G$B$0$0 == 0x00f0
                    00F0    546 _B	=	0x00f0
                    00BD    547 G$BCON$0$0 == 0x00bd
                    00BD    548 _BCON	=	0x00bd
                    00BE    549 G$BG$0$0 == 0x00be
                    00BE    550 _BG	=	0x00be
                    00D8    551 G$CAN_ADCON$0$0 == 0x00d8
                    00D8    552 _CAN_ADCON	=	0x00d8
                    00DA    553 G$CAN_ADH$0$0 == 0x00da
                    00DA    554 _CAN_ADH	=	0x00da
                    00D9    555 G$CAN_ADL$0$0 == 0x00d9
                    00D9    556 _CAN_ADL	=	0x00d9
                    00DB    557 G$CAN_DATA0$0$0 == 0x00db
                    00DB    558 _CAN_DATA0	=	0x00db
                    00DC    559 G$CAN_DATA1$0$0 == 0x00dc
                    00DC    560 _CAN_DATA1	=	0x00dc
                    00DD    561 G$CAN_DATA2$0$0 == 0x00dd
                    00DD    562 _CAN_DATA2	=	0x00dd
                    00DE    563 G$CAN_DATA3$0$0 == 0x00de
                    00DE    564 _CAN_DATA3	=	0x00de
                    00FB    565 G$CCU6_CC60RH$0$0 == 0x00fb
                    00FB    566 _CCU6_CC60RH	=	0x00fb
                    00FA    567 G$CCU6_CC60RL$0$0 == 0x00fa
                    00FA    568 _CCU6_CC60RL	=	0x00fa
                    00FB    569 G$CCU6_CC60SRH$0$0 == 0x00fb
                    00FB    570 _CCU6_CC60SRH	=	0x00fb
                    00FA    571 G$CCU6_CC60SRL$0$0 == 0x00fa
                    00FA    572 _CCU6_CC60SRL	=	0x00fa
                    00FD    573 G$CCU6_CC61RH$0$0 == 0x00fd
                    00FD    574 _CCU6_CC61RH	=	0x00fd
                    00FC    575 G$CCU6_CC61RL$0$0 == 0x00fc
                    00FC    576 _CCU6_CC61RL	=	0x00fc
                    00FD    577 G$CCU6_CC61SRH$0$0 == 0x00fd
                    00FD    578 _CCU6_CC61SRH	=	0x00fd
                    00FC    579 G$CCU6_CC61SRL$0$0 == 0x00fc
                    00FC    580 _CCU6_CC61SRL	=	0x00fc
                    00FF    581 G$CCU6_CC62RH$0$0 == 0x00ff
                    00FF    582 _CCU6_CC62RH	=	0x00ff
                    00FE    583 G$CCU6_CC62RL$0$0 == 0x00fe
                    00FE    584 _CCU6_CC62RL	=	0x00fe
                    00FF    585 G$CCU6_CC62SRH$0$0 == 0x00ff
                    00FF    586 _CCU6_CC62SRH	=	0x00ff
                    00FE    587 G$CCU6_CC62SRL$0$0 == 0x00fe
                    00FE    588 _CCU6_CC62SRL	=	0x00fe
                    009B    589 G$CCU6_CC63RH$0$0 == 0x009b
                    009B    590 _CCU6_CC63RH	=	0x009b
                    009A    591 G$CCU6_CC63RL$0$0 == 0x009a
                    009A    592 _CCU6_CC63RL	=	0x009a
                    009B    593 G$CCU6_CC63SRH$0$0 == 0x009b
                    009B    594 _CCU6_CC63SRH	=	0x009b
                    009A    595 G$CCU6_CC63SRL$0$0 == 0x009a
                    009A    596 _CCU6_CC63SRL	=	0x009a
                    00A7    597 G$CCU6_CMPMODIFH$0$0 == 0x00a7
                    00A7    598 _CCU6_CMPMODIFH	=	0x00a7
                    00A6    599 G$CCU6_CMPMODIFL$0$0 == 0x00a6
                    00A6    600 _CCU6_CMPMODIFL	=	0x00a6
                    00FF    601 G$CCU6_CMPSTATH$0$0 == 0x00ff
                    00FF    602 _CCU6_CMPSTATH	=	0x00ff
                    00FE    603 G$CCU6_CMPSTATL$0$0 == 0x00fe
                    00FE    604 _CCU6_CMPSTATL	=	0x00fe
                    009D    605 G$CCU6_IENH$0$0 == 0x009d
                    009D    606 _CCU6_IENH	=	0x009d
                    009C    607 G$CCU6_IENL$0$0 == 0x009c
                    009C    608 _CCU6_IENL	=	0x009c
                    009F    609 G$CCU6_INPH$0$0 == 0x009f
                    009F    610 _CCU6_INPH	=	0x009f
                    009E    611 G$CCU6_INPL$0$0 == 0x009e
                    009E    612 _CCU6_INPL	=	0x009e
                    009D    613 G$CCU6_ISH$0$0 == 0x009d
                    009D    614 _CCU6_ISH	=	0x009d
                    009C    615 G$CCU6_ISL$0$0 == 0x009c
                    009C    616 _CCU6_ISL	=	0x009c
                    00A5    617 G$CCU6_ISRH$0$0 == 0x00a5
                    00A5    618 _CCU6_ISRH	=	0x00a5
                    00A4    619 G$CCU6_ISRL$0$0 == 0x00a4
                    00A4    620 _CCU6_ISRL	=	0x00a4
                    00A5    621 G$CCU6_ISSH$0$0 == 0x00a5
                    00A5    622 _CCU6_ISSH	=	0x00a5
                    00A4    623 G$CCU6_ISSL$0$0 == 0x00a4
                    00A4    624 _CCU6_ISSL	=	0x00a4
                    00A7    625 G$CCU6_MCMCTR$0$0 == 0x00a7
                    00A7    626 _CCU6_MCMCTR	=	0x00a7
                    009B    627 G$CCU6_MCMOUTH$0$0 == 0x009b
                    009B    628 _CCU6_MCMOUTH	=	0x009b
                    009A    629 G$CCU6_MCMOUTL$0$0 == 0x009a
                    009A    630 _CCU6_MCMOUTL	=	0x009a
                    009F    631 G$CCU6_MCMOUTSH$0$0 == 0x009f
                    009F    632 _CCU6_MCMOUTSH	=	0x009f
                    009E    633 G$CCU6_MCMOUTSL$0$0 == 0x009e
                    009E    634 _CCU6_MCMOUTSL	=	0x009e
                    00FD    635 G$CCU6_MODCTRH$0$0 == 0x00fd
                    00FD    636 _CCU6_MODCTRH	=	0x00fd
                    00FC    637 G$CCU6_MODCTRL$0$0 == 0x00fc
                    00FC    638 _CCU6_MODCTRL	=	0x00fc
                    00A3    639 G$CCU6_PAGE$0$0 == 0x00a3
                    00A3    640 _CCU6_PAGE	=	0x00a3
                    009F    641 G$CCU6_PISEL0H$0$0 == 0x009f
                    009F    642 _CCU6_PISEL0H	=	0x009f
                    009E    643 G$CCU6_PISEL0L$0$0 == 0x009e
                    009E    644 _CCU6_PISEL0L	=	0x009e
                    00A4    645 G$CCU6_PISEL2$0$0 == 0x00a4
                    00A4    646 _CCU6_PISEL2	=	0x00a4
                    00A6    647 G$CCU6_PSLR$0$0 == 0x00a6
                    00A6    648 _CCU6_PSLR	=	0x00a6
                    00A5    649 G$CCU6_T12DTCH$0$0 == 0x00a5
                    00A5    650 _CCU6_T12DTCH	=	0x00a5
                    00A4    651 G$CCU6_T12DTCL$0$0 == 0x00a4
                    00A4    652 _CCU6_T12DTCL	=	0x00a4
                    00FB    653 G$CCU6_T12H$0$0 == 0x00fb
                    00FB    654 _CCU6_T12H	=	0x00fb
                    00FA    655 G$CCU6_T12L$0$0 == 0x00fa
                    00FA    656 _CCU6_T12L	=	0x00fa
                    009B    657 G$CCU6_T12MSELH$0$0 == 0x009b
                    009B    658 _CCU6_T12MSELH	=	0x009b
                    009A    659 G$CCU6_T12MSELL$0$0 == 0x009a
                    009A    660 _CCU6_T12MSELL	=	0x009a
                    009D    661 G$CCU6_T12PRH$0$0 == 0x009d
                    009D    662 _CCU6_T12PRH	=	0x009d
                    009C    663 G$CCU6_T12PRL$0$0 == 0x009c
                    009C    664 _CCU6_T12PRL	=	0x009c
                    00FD    665 G$CCU6_T13H$0$0 == 0x00fd
                    00FD    666 _CCU6_T13H	=	0x00fd
                    00FC    667 G$CCU6_T13L$0$0 == 0x00fc
                    00FC    668 _CCU6_T13L	=	0x00fc
                    009F    669 G$CCU6_T13PRH$0$0 == 0x009f
                    009F    670 _CCU6_T13PRH	=	0x009f
                    009E    671 G$CCU6_T13PRL$0$0 == 0x009e
                    009E    672 _CCU6_T13PRL	=	0x009e
                    00A7    673 G$CCU6_TCTR0H$0$0 == 0x00a7
                    00A7    674 _CCU6_TCTR0H	=	0x00a7
                    00A6    675 G$CCU6_TCTR0L$0$0 == 0x00a6
                    00A6    676 _CCU6_TCTR0L	=	0x00a6
                    00FB    677 G$CCU6_TCTR2H$0$0 == 0x00fb
                    00FB    678 _CCU6_TCTR2H	=	0x00fb
                    00FA    679 G$CCU6_TCTR2L$0$0 == 0x00fa
                    00FA    680 _CCU6_TCTR2L	=	0x00fa
                    009D    681 G$CCU6_TCTR4H$0$0 == 0x009d
                    009D    682 _CCU6_TCTR4H	=	0x009d
                    009C    683 G$CCU6_TCTR4L$0$0 == 0x009c
                    009C    684 _CCU6_TCTR4L	=	0x009c
                    00FF    685 G$CCU6_TRPCTRH$0$0 == 0x00ff
                    00FF    686 _CCU6_TRPCTRH	=	0x00ff
                    00FE    687 G$CCU6_TRPCTRL$0$0 == 0x00fe
                    00FE    688 _CCU6_TRPCTRL	=	0x00fe
                    00A1    689 G$CD_CON$0$0 == 0x00a1
                    00A1    690 _CD_CON	=	0x00a1
                    009B    691 G$CD_CORDXH$0$0 == 0x009b
                    009B    692 _CD_CORDXH	=	0x009b
                    009A    693 G$CD_CORDXL$0$0 == 0x009a
                    009A    694 _CD_CORDXL	=	0x009a
                    009D    695 G$CD_CORDYH$0$0 == 0x009d
                    009D    696 _CD_CORDYH	=	0x009d
                    009C    697 G$CD_CORDYL$0$0 == 0x009c
                    009C    698 _CD_CORDYL	=	0x009c
                    009F    699 G$CD_CORDZH$0$0 == 0x009f
                    009F    700 _CD_CORDZH	=	0x009f
                    009E    701 G$CD_CORDZL$0$0 == 0x009e
                    009E    702 _CD_CORDZL	=	0x009e
                    00A0    703 G$CD_STATC$0$0 == 0x00a0
                    00A0    704 _CD_STATC	=	0x00a0
                    00BA    705 G$CMCON$0$0 == 0x00ba
                    00BA    706 _CMCON	=	0x00ba
                    00BE    707 G$COCON$0$0 == 0x00be
                    00BE    708 _COCON	=	0x00be
                    0083    709 G$DPH$0$0 == 0x0083
                    0083    710 _DPH	=	0x0083
                    0082    711 G$DPL$0$0 == 0x0082
                    0082    712 _DPL	=	0x0082
                    00A2    713 G$EO$0$0 == 0x00a2
                    00A2    714 _EO	=	0x00a2
                    00B7    715 G$EXICON0$0$0 == 0x00b7
                    00B7    716 _EXICON0	=	0x00b7
                    00BA    717 G$EXICON1$0$0 == 0x00ba
                    00BA    718 _EXICON1	=	0x00ba
                    00E9    719 G$FDCON$0$0 == 0x00e9
                    00E9    720 _FDCON	=	0x00e9
                    00EB    721 G$FDRES$0$0 == 0x00eb
                    00EB    722 _FDRES	=	0x00eb
                    00EA    723 G$FDSTEP$0$0 == 0x00ea
                    00EA    724 _FDSTEP	=	0x00ea
                    00BD    725 G$FEAH$0$0 == 0x00bd
                    00BD    726 _FEAH	=	0x00bd
                    00BC    727 G$FEAL$0$0 == 0x00bc
                    00BC    728 _FEAL	=	0x00bc
                    00F7    729 G$HWBPDR$0$0 == 0x00f7
                    00F7    730 _HWBPDR	=	0x00f7
                    00F6    731 G$HWBPSR$0$0 == 0x00f6
                    00F6    732 _HWBPSR	=	0x00f6
                    00B3    733 G$ID$0$0 == 0x00b3
                    00B3    734 _ID	=	0x00b3
                    00A8    735 G$IEN0$0$0 == 0x00a8
                    00A8    736 _IEN0	=	0x00a8
                    00E8    737 G$IEN1$0$0 == 0x00e8
                    00E8    738 _IEN1	=	0x00e8
                    00B8    739 G$IP$0$0 == 0x00b8
                    00B8    740 _IP	=	0x00b8
                    00F8    741 G$IP1$0$0 == 0x00f8
                    00F8    742 _IP1	=	0x00f8
                    00B9    743 G$IPH$0$0 == 0x00b9
                    00B9    744 _IPH	=	0x00b9
                    00F9    745 G$IPH1$0$0 == 0x00f9
                    00F9    746 _IPH1	=	0x00f9
                    00B4    747 G$IRCON0$0$0 == 0x00b4
                    00B4    748 _IRCON0	=	0x00b4
                    00B5    749 G$IRCON1$0$0 == 0x00b5
                    00B5    750 _IRCON1	=	0x00b5
                    00B6    751 G$IRCON2$0$0 == 0x00b6
                    00B6    752 _IRCON2	=	0x00b6
                    00B4    753 G$IRCON3$0$0 == 0x00b4
                    00B4    754 _IRCON3	=	0x00b4
                    00B5    755 G$IRCON4$0$0 == 0x00b5
                    00B5    756 _IRCON4	=	0x00b5
                    00B2    757 G$MDU_MD0$0$0 == 0x00b2
                    00B2    758 _MDU_MD0	=	0x00b2
                    00B3    759 G$MDU_MD1$0$0 == 0x00b3
                    00B3    760 _MDU_MD1	=	0x00b3
                    00B4    761 G$MDU_MD2$0$0 == 0x00b4
                    00B4    762 _MDU_MD2	=	0x00b4
                    00B5    763 G$MDU_MD3$0$0 == 0x00b5
                    00B5    764 _MDU_MD3	=	0x00b5
                    00B6    765 G$MDU_MD4$0$0 == 0x00b6
                    00B6    766 _MDU_MD4	=	0x00b6
                    00B7    767 G$MDU_MD5$0$0 == 0x00b7
                    00B7    768 _MDU_MD5	=	0x00b7
                    00B1    769 G$MDU_MDUCON$0$0 == 0x00b1
                    00B1    770 _MDU_MDUCON	=	0x00b1
                    00B0    771 G$MDU_MDUSTAT$0$0 == 0x00b0
                    00B0    772 _MDU_MDUSTAT	=	0x00b0
                    00B2    773 G$MDU_MR0$0$0 == 0x00b2
                    00B2    774 _MDU_MR0	=	0x00b2
                    00B3    775 G$MDU_MR1$0$0 == 0x00b3
                    00B3    776 _MDU_MR1	=	0x00b3
                    00B4    777 G$MDU_MR2$0$0 == 0x00b4
                    00B4    778 _MDU_MR2	=	0x00b4
                    00B5    779 G$MDU_MR3$0$0 == 0x00b5
                    00B5    780 _MDU_MR3	=	0x00b5
                    00B6    781 G$MDU_MR4$0$0 == 0x00b6
                    00B6    782 _MDU_MR4	=	0x00b6
                    00B7    783 G$MDU_MR5$0$0 == 0x00b7
                    00B7    784 _MDU_MR5	=	0x00b7
                    00E9    785 G$MISC_CON$0$0 == 0x00e9
                    00E9    786 _MISC_CON	=	0x00e9
                    00F3    787 G$MMBPCR$0$0 == 0x00f3
                    00F3    788 _MMBPCR	=	0x00f3
                    00F1    789 G$MMCR$0$0 == 0x00f1
                    00F1    790 _MMCR	=	0x00f1
                    00E9    791 G$MMCR2$0$0 == 0x00e9
                    00E9    792 _MMCR2	=	0x00e9
                    00F5    793 G$MMDR$0$0 == 0x00f5
                    00F5    794 _MMDR	=	0x00f5
                    00F4    795 G$MMICR$0$0 == 0x00f4
                    00F4    796 _MMICR	=	0x00f4
                    00F2    797 G$MMSR$0$0 == 0x00f2
                    00F2    798 _MMSR	=	0x00f2
                    00EB    799 G$MMWR1$0$0 == 0x00eb
                    00EB    800 _MMWR1	=	0x00eb
                    00EC    801 G$MMWR2$0$0 == 0x00ec
                    00EC    802 _MMWR2	=	0x00ec
                    00B3    803 G$MODPISEL$0$0 == 0x00b3
                    00B3    804 _MODPISEL	=	0x00b3
                    00B7    805 G$MODPISEL1$0$0 == 0x00b7
                    00B7    806 _MODPISEL1	=	0x00b7
                    00BA    807 G$MODPISEL2$0$0 == 0x00ba
                    00BA    808 _MODPISEL2	=	0x00ba
                    00BD    809 G$MODSUSP$0$0 == 0x00bd
                    00BD    810 _MODSUSP	=	0x00bd
                    00BB    811 G$NMICON$0$0 == 0x00bb
                    00BB    812 _NMICON	=	0x00bb
                    00BC    813 G$NMISR$0$0 == 0x00bc
                    00BC    814 _NMISR	=	0x00bc
                    00B6    815 G$OSC_CON$0$0 == 0x00b6
                    00B6    816 _OSC_CON	=	0x00b6
                    0080    817 G$P0_ALTSEL0$0$0 == 0x0080
                    0080    818 _P0_ALTSEL0	=	0x0080
                    0086    819 G$P0_ALTSEL1$0$0 == 0x0086
                    0086    820 _P0_ALTSEL1	=	0x0086
                    0080    821 G$P0_DATA$0$0 == 0x0080
                    0080    822 _P0_DATA	=	0x0080
                    0086    823 G$P0_DIR$0$0 == 0x0086
                    0086    824 _P0_DIR	=	0x0086
                    0080    825 G$P0_OD$0$0 == 0x0080
                    0080    826 _P0_OD	=	0x0080
                    0086    827 G$P0_PUDEN$0$0 == 0x0086
                    0086    828 _P0_PUDEN	=	0x0086
                    0080    829 G$P0_PUDSEL$0$0 == 0x0080
                    0080    830 _P0_PUDSEL	=	0x0080
                    0090    831 G$P1_ALTSEL0$0$0 == 0x0090
                    0090    832 _P1_ALTSEL0	=	0x0090
                    0091    833 G$P1_ALTSEL1$0$0 == 0x0091
                    0091    834 _P1_ALTSEL1	=	0x0091
                    0090    835 G$P1_DATA$0$0 == 0x0090
                    0090    836 _P1_DATA	=	0x0090
                    0091    837 G$P1_DIR$0$0 == 0x0091
                    0091    838 _P1_DIR	=	0x0091
                    0090    839 G$P1_OD$0$0 == 0x0090
                    0090    840 _P1_OD	=	0x0090
                    0091    841 G$P1_PUDEN$0$0 == 0x0091
                    0091    842 _P1_PUDEN	=	0x0091
                    0090    843 G$P1_PUDSEL$0$0 == 0x0090
                    0090    844 _P1_PUDSEL	=	0x0090
                    00A0    845 G$P2_DATA$0$0 == 0x00a0
                    00A0    846 _P2_DATA	=	0x00a0
                    00A1    847 G$P2_DIR$0$0 == 0x00a1
                    00A1    848 _P2_DIR	=	0x00a1
                    00A1    849 G$P2_PUDEN$0$0 == 0x00a1
                    00A1    850 _P2_PUDEN	=	0x00a1
                    00A0    851 G$P2_PUDSEL$0$0 == 0x00a0
                    00A0    852 _P2_PUDSEL	=	0x00a0
                    00B0    853 G$P3_ALTSEL0$0$0 == 0x00b0
                    00B0    854 _P3_ALTSEL0	=	0x00b0
                    00B1    855 G$P3_ALTSEL1$0$0 == 0x00b1
                    00B1    856 _P3_ALTSEL1	=	0x00b1
                    00B0    857 G$P3_DATA$0$0 == 0x00b0
                    00B0    858 _P3_DATA	=	0x00b0
                    00B1    859 G$P3_DIR$0$0 == 0x00b1
                    00B1    860 _P3_DIR	=	0x00b1
                    00B0    861 G$P3_OD$0$0 == 0x00b0
                    00B0    862 _P3_OD	=	0x00b0
                    00B1    863 G$P3_PUDEN$0$0 == 0x00b1
                    00B1    864 _P3_PUDEN	=	0x00b1
                    00B0    865 G$P3_PUDSEL$0$0 == 0x00b0
                    00B0    866 _P3_PUDSEL	=	0x00b0
                    00C8    867 G$P4_ALTSEL0$0$0 == 0x00c8
                    00C8    868 _P4_ALTSEL0	=	0x00c8
                    00C9    869 G$P4_ALTSEL1$0$0 == 0x00c9
                    00C9    870 _P4_ALTSEL1	=	0x00c9
                    00C8    871 G$P4_DATA$0$0 == 0x00c8
                    00C8    872 _P4_DATA	=	0x00c8
                    00C9    873 G$P4_DIR$0$0 == 0x00c9
                    00C9    874 _P4_DIR	=	0x00c9
                    00C8    875 G$P4_OD$0$0 == 0x00c8
                    00C8    876 _P4_OD	=	0x00c8
                    00C9    877 G$P4_PUDEN$0$0 == 0x00c9
                    00C9    878 _P4_PUDEN	=	0x00c9
                    00C8    879 G$P4_PUDSEL$0$0 == 0x00c8
                    00C8    880 _P4_PUDSEL	=	0x00c8
                    0092    881 G$P5_ALTSEL0$0$0 == 0x0092
                    0092    882 _P5_ALTSEL0	=	0x0092
                    0093    883 G$P5_ALTSEL1$0$0 == 0x0093
                    0093    884 _P5_ALTSEL1	=	0x0093
                    0092    885 G$P5_DATA$0$0 == 0x0092
                    0092    886 _P5_DATA	=	0x0092
                    0093    887 G$P5_DIR$0$0 == 0x0093
                    0093    888 _P5_DIR	=	0x0093
                    0092    889 G$P5_OD$0$0 == 0x0092
                    0092    890 _P5_OD	=	0x0092
                    0093    891 G$P5_PUDEN$0$0 == 0x0093
                    0093    892 _P5_PUDEN	=	0x0093
                    0092    893 G$P5_PUDSEL$0$0 == 0x0092
                    0092    894 _P5_PUDSEL	=	0x0092
                    00BB    895 G$PASSWD$0$0 == 0x00bb
                    00BB    896 _PASSWD	=	0x00bb
                    0087    897 G$PCON$0$0 == 0x0087
                    0087    898 _PCON	=	0x0087
                    00B7    899 G$PLL_CON$0$0 == 0x00b7
                    00B7    900 _PLL_CON	=	0x00b7
                    00B4    901 G$PMCON0$0$0 == 0x00b4
                    00B4    902 _PMCON0	=	0x00b4
                    00B5    903 G$PMCON1$0$0 == 0x00b5
                    00B5    904 _PMCON1	=	0x00b5
                    00BB    905 G$PMCON2$0$0 == 0x00bb
                    00BB    906 _PMCON2	=	0x00bb
                    00B2    907 G$PORT_PAGE$0$0 == 0x00b2
                    00B2    908 _PORT_PAGE	=	0x00b2
                    00D0    909 G$PSW$0$0 == 0x00d0
                    00D0    910 _PSW	=	0x00d0
                    0099    911 G$SBUF$0$0 == 0x0099
                    0099    912 _SBUF	=	0x0099
                    0098    913 G$SCON$0$0 == 0x0098
                    0098    914 _SCON	=	0x0098
                    00BF    915 G$SCU_PAGE$0$0 == 0x00bf
                    00BF    916 _SCU_PAGE	=	0x00bf
                    0081    917 G$SP$0$0 == 0x0081
                    0081    918 _SP	=	0x0081
                    00AF    919 G$SSC_BRH$0$0 == 0x00af
                    00AF    920 _SSC_BRH	=	0x00af
                    00AE    921 G$SSC_BRL$0$0 == 0x00ae
                    00AE    922 _SSC_BRL	=	0x00ae
                    00AB    923 G$SSC_CONH_O$0$0 == 0x00ab
                    00AB    924 _SSC_CONH_O	=	0x00ab
                    00AB    925 G$SSC_CONH_P$0$0 == 0x00ab
                    00AB    926 _SSC_CONH_P	=	0x00ab
                    00AA    927 G$SSC_CONL_O$0$0 == 0x00aa
                    00AA    928 _SSC_CONL_O	=	0x00aa
                    00AA    929 G$SSC_CONL_P$0$0 == 0x00aa
                    00AA    930 _SSC_CONL_P	=	0x00aa
                    00A9    931 G$SSC_PISEL$0$0 == 0x00a9
                    00A9    932 _SSC_PISEL	=	0x00a9
                    00AD    933 G$SSC_RBL$0$0 == 0x00ad
                    00AD    934 _SSC_RBL	=	0x00ad
                    00AC    935 G$SSC_TBL$0$0 == 0x00ac
                    00AC    936 _SSC_TBL	=	0x00ac
                    008F    937 G$SYSCON0$0$0 == 0x008f
                    008F    938 _SYSCON0	=	0x008f
                    00C3    939 G$T21_RC2H$0$0 == 0x00c3
                    00C3    940 _T21_RC2H	=	0x00c3
                    00C2    941 G$T21_RC2L$0$0 == 0x00c2
                    00C2    942 _T21_RC2L	=	0x00c2
                    00C0    943 G$T21_T2CON$0$0 == 0x00c0
                    00C0    944 _T21_T2CON	=	0x00c0
                    00C5    945 G$T21_T2H$0$0 == 0x00c5
                    00C5    946 _T21_T2H	=	0x00c5
                    00C4    947 G$T21_T2L$0$0 == 0x00c4
                    00C4    948 _T21_T2L	=	0x00c4
                    00C1    949 G$T21_T2MOD$0$0 == 0x00c1
                    00C1    950 _T21_T2MOD	=	0x00c1
                    00C3    951 G$T2_RC2H$0$0 == 0x00c3
                    00C3    952 _T2_RC2H	=	0x00c3
                    00C2    953 G$T2_RC2L$0$0 == 0x00c2
                    00C2    954 _T2_RC2L	=	0x00c2
                    00C0    955 G$T2_T2CON$0$0 == 0x00c0
                    00C0    956 _T2_T2CON	=	0x00c0
                    00C5    957 G$T2_T2H$0$0 == 0x00c5
                    00C5    958 _T2_T2H	=	0x00c5
                    00C4    959 G$T2_T2L$0$0 == 0x00c4
                    00C4    960 _T2_T2L	=	0x00c4
                    00C1    961 G$T2_T2MOD$0$0 == 0x00c1
                    00C1    962 _T2_T2MOD	=	0x00c1
                    0088    963 G$TCON$0$0 == 0x0088
                    0088    964 _TCON	=	0x0088
                    008C    965 G$TH0$0$0 == 0x008c
                    008C    966 _TH0	=	0x008c
                    008D    967 G$TH1$0$0 == 0x008d
                    008D    968 _TH1	=	0x008d
                    008A    969 G$TL0$0$0 == 0x008a
                    008A    970 _TL0	=	0x008a
                    008B    971 G$TL1$0$0 == 0x008b
                    008B    972 _TL1	=	0x008b
                    0089    973 G$TMOD$0$0 == 0x0089
                    0089    974 _TMOD	=	0x0089
                    00CA    975 G$UART1_BCON$0$0 == 0x00ca
                    00CA    976 _UART1_BCON	=	0x00ca
                    00CB    977 G$UART1_BG$0$0 == 0x00cb
                    00CB    978 _UART1_BG	=	0x00cb
                    00CC    979 G$UART1_FDCON$0$0 == 0x00cc
                    00CC    980 _UART1_FDCON	=	0x00cc
                    00CE    981 G$UART1_FDRES$0$0 == 0x00ce
                    00CE    982 _UART1_FDRES	=	0x00ce
                    00CD    983 G$UART1_FDSTEP$0$0 == 0x00cd
                    00CD    984 _UART1_FDSTEP	=	0x00cd
                    00C9    985 G$UART1_SBUF$0$0 == 0x00c9
                    00C9    986 _UART1_SBUF	=	0x00c9
                    00C8    987 G$UART1_SCON$0$0 == 0x00c8
                    00C8    988 _UART1_SCON	=	0x00c8
                    00BB    989 G$WDTCON$0$0 == 0x00bb
                    00BB    990 _WDTCON	=	0x00bb
                    00BF    991 G$WDTH$0$0 == 0x00bf
                    00BF    992 _WDTH	=	0x00bf
                    00BE    993 G$WDTL$0$0 == 0x00be
                    00BE    994 _WDTL	=	0x00be
                    00BC    995 G$WDTREL$0$0 == 0x00bc
                    00BC    996 _WDTREL	=	0x00bc
                    00BD    997 G$WDTWINB$0$0 == 0x00bd
                    00BD    998 _WDTWINB	=	0x00bd
                    00B3    999 G$XADDRH$0$0 == 0x00b3
                    00B3   1000 _XADDRH	=	0x00b3
                    CBCA   1001 G$ADC_RESR0LH$0$0 == 0xcbca
                    CBCA   1002 _ADC_RESR0LH	=	0xcbca
                    CDCC   1003 G$ADC_RESR1LH$0$0 == 0xcdcc
                    CDCC   1004 _ADC_RESR1LH	=	0xcdcc
                    CFCE   1005 G$ADC_RESR2LH$0$0 == 0xcfce
                    CFCE   1006 _ADC_RESR2LH	=	0xcfce
                    D3D2   1007 G$ADC_RESR3LH$0$0 == 0xd3d2
                    D3D2   1008 _ADC_RESR3LH	=	0xd3d2
                    CBCA   1009 G$ADC_RESRA0LH$0$0 == 0xcbca
                    CBCA   1010 _ADC_RESRA0LH	=	0xcbca
                    CDCC   1011 G$ADC_RESRA1LH$0$0 == 0xcdcc
                    CDCC   1012 _ADC_RESRA1LH	=	0xcdcc
                    CFCE   1013 G$ADC_RESRA2LH$0$0 == 0xcfce
                    CFCE   1014 _ADC_RESRA2LH	=	0xcfce
                    D3D2   1015 G$ADC_RESRA3LH$0$0 == 0xd3d2
                    D3D2   1016 _ADC_RESRA3LH	=	0xd3d2
                    FBFA   1017 G$CCU6_CC60RLH$0$0 == 0xfbfa
                    FBFA   1018 _CCU6_CC60RLH	=	0xfbfa
                    FBFA   1019 G$CCU6_CC60SRLH$0$0 == 0xfbfa
                    FBFA   1020 _CCU6_CC60SRLH	=	0xfbfa
                    FDFC   1021 G$CCU6_CC61RLH$0$0 == 0xfdfc
                    FDFC   1022 _CCU6_CC61RLH	=	0xfdfc
                    FDFC   1023 G$CCU6_CC61SRLH$0$0 == 0xfdfc
                    FDFC   1024 _CCU6_CC61SRLH	=	0xfdfc
                    FFFE   1025 G$CCU6_CC62RLH$0$0 == 0xfffe
                    FFFE   1026 _CCU6_CC62RLH	=	0xfffe
                    FFFE   1027 G$CCU6_CC62SRLH$0$0 == 0xfffe
                    FFFE   1028 _CCU6_CC62SRLH	=	0xfffe
                    9B9A   1029 G$CCU6_CC63RLH$0$0 == 0x9b9a
                    9B9A   1030 _CCU6_CC63RLH	=	0x9b9a
                    9B9A   1031 G$CCU6_CC63SRLH$0$0 == 0x9b9a
                    9B9A   1032 _CCU6_CC63SRLH	=	0x9b9a
                    FBFA   1033 G$CCU6_T12LH$0$0 == 0xfbfa
                    FBFA   1034 _CCU6_T12LH	=	0xfbfa
                    9D9C   1035 G$CCU6_T12PRLH$0$0 == 0x9d9c
                    9D9C   1036 _CCU6_T12PRLH	=	0x9d9c
                    FDFC   1037 G$CCU6_T13LH$0$0 == 0xfdfc
                    FDFC   1038 _CCU6_T13LH	=	0xfdfc
                    9F9E   1039 G$CCU6_T13PRLH$0$0 == 0x9f9e
                    9F9E   1040 _CCU6_T13PRLH	=	0x9f9e
                    C3C2   1041 G$T2_RC2LH$0$0 == 0xc3c2
                    C3C2   1042 _T2_RC2LH	=	0xc3c2
                    C5C4   1043 G$T2_T2LH$0$0 == 0xc5c4
                    C5C4   1044 _T2_T2LH	=	0xc5c4
                           1045 ;--------------------------------------------------------
                           1046 ; special function bits
                           1047 ;--------------------------------------------------------
                           1048 	.area RSEG    (DATA)
                    00A0   1049 G$CD_BSY$0$0 == 0x00a0
                    00A0   1050 _CD_BSY	=	0x00a0
                    00A4   1051 G$DMAP$0$0 == 0x00a4
                    00A4   1052 _DMAP	=	0x00a4
                    00A2   1053 G$EOC$0$0 == 0x00a2
                    00A2   1054 _EOC	=	0x00a2
                    00A1   1055 G$ERROR$0$0 == 0x00a1
                    00A1   1056 _ERROR	=	0x00a1
                    00A3   1057 G$INT_EN$0$0 == 0x00a3
                    00A3   1058 _INT_EN	=	0x00a3
                    00A5   1059 G$KEEPX$0$0 == 0x00a5
                    00A5   1060 _KEEPX	=	0x00a5
                    00A6   1061 G$KEEPY$0$0 == 0x00a6
                    00A6   1062 _KEEPY	=	0x00a6
                    00A7   1063 G$KEEPZ$0$0 == 0x00a7
                    00A7   1064 _KEEPZ	=	0x00a7
                    00AF   1065 G$EA$0$0 == 0x00af
                    00AF   1066 _EA	=	0x00af
                    00AC   1067 G$ES$0$0 == 0x00ac
                    00AC   1068 _ES	=	0x00ac
                    00A9   1069 G$ET0$0$0 == 0x00a9
                    00A9   1070 _ET0	=	0x00a9
                    00AB   1071 G$ET1$0$0 == 0x00ab
                    00AB   1072 _ET1	=	0x00ab
                    00AD   1073 G$ET2$0$0 == 0x00ad
                    00AD   1074 _ET2	=	0x00ad
                    00A8   1075 G$EX0$0$0 == 0x00a8
                    00A8   1076 _EX0	=	0x00a8
                    00AA   1077 G$EX1$0$0 == 0x00aa
                    00AA   1078 _EX1	=	0x00aa
                    00E8   1079 G$EADC$0$0 == 0x00e8
                    00E8   1080 _EADC	=	0x00e8
                    00EC   1081 G$ECCIP0$0$0 == 0x00ec
                    00EC   1082 _ECCIP0	=	0x00ec
                    00ED   1083 G$ECCIP1$0$0 == 0x00ed
                    00ED   1084 _ECCIP1	=	0x00ed
                    00EE   1085 G$ECCIP2$0$0 == 0x00ee
                    00EE   1086 _ECCIP2	=	0x00ee
                    00EF   1087 G$ECCIP3$0$0 == 0x00ef
                    00EF   1088 _ECCIP3	=	0x00ef
                    00E9   1089 G$ESSC$0$0 == 0x00e9
                    00E9   1090 _ESSC	=	0x00e9
                    00EA   1091 G$EX2$0$0 == 0x00ea
                    00EA   1092 _EX2	=	0x00ea
                    00EB   1093 G$EXM$0$0 == 0x00eb
                    00EB   1094 _EXM	=	0x00eb
                    00F8   1095 G$PADC$0$0 == 0x00f8
                    00F8   1096 _PADC	=	0x00f8
                    00FC   1097 G$PCCIP0$0$0 == 0x00fc
                    00FC   1098 _PCCIP0	=	0x00fc
                    00FD   1099 G$PCCIP1$0$0 == 0x00fd
                    00FD   1100 _PCCIP1	=	0x00fd
                    00FE   1101 G$PCCIP2$0$0 == 0x00fe
                    00FE   1102 _PCCIP2	=	0x00fe
                    00FF   1103 G$PCCIP3$0$0 == 0x00ff
                    00FF   1104 _PCCIP3	=	0x00ff
                    00F9   1105 G$PSSC$0$0 == 0x00f9
                    00F9   1106 _PSSC	=	0x00f9
                    00FA   1107 G$PX2$0$0 == 0x00fa
                    00FA   1108 _PX2	=	0x00fa
                    00FB   1109 G$PXM$0$0 == 0x00fb
                    00FB   1110 _PXM	=	0x00fb
                    00BC   1111 G$PS$0$0 == 0x00bc
                    00BC   1112 _PS	=	0x00bc
                    00B9   1113 G$PT0$0$0 == 0x00b9
                    00B9   1114 _PT0	=	0x00b9
                    00BB   1115 G$PT1$0$0 == 0x00bb
                    00BB   1116 _PT1	=	0x00bb
                    00BD   1117 G$PT2$0$0 == 0x00bd
                    00BD   1118 _PT2	=	0x00bd
                    00B8   1119 G$PX0$0$0 == 0x00b8
                    00B8   1120 _PX0	=	0x00b8
                    00BA   1121 G$PX1$0$0 == 0x00ba
                    00BA   1122 _PX1	=	0x00ba
                    00B1   1123 G$IERR$0$0 == 0x00b1
                    00B1   1124 _IERR	=	0x00b1
                    00B0   1125 G$IRDY$0$0 == 0x00b0
                    00B0   1126 _IRDY	=	0x00b0
                    00B2   1127 G$MDU_BSY$0$0 == 0x00b2
                    00B2   1128 _MDU_BSY	=	0x00b2
                    00D6   1129 G$AC$0$0 == 0x00d6
                    00D6   1130 _AC	=	0x00d6
                    00D7   1131 G$CY$0$0 == 0x00d7
                    00D7   1132 _CY	=	0x00d7
                    00D5   1133 G$F0$0$0 == 0x00d5
                    00D5   1134 _F0	=	0x00d5
                    00D1   1135 G$F1$0$0 == 0x00d1
                    00D1   1136 _F1	=	0x00d1
                    00D2   1137 G$OV$0$0 == 0x00d2
                    00D2   1138 _OV	=	0x00d2
                    00D0   1139 G$P$0$0 == 0x00d0
                    00D0   1140 _P	=	0x00d0
                    00D3   1141 G$RS0$0$0 == 0x00d3
                    00D3   1142 _RS0	=	0x00d3
                    00D4   1143 G$RS1$0$0 == 0x00d4
                    00D4   1144 _RS1	=	0x00d4
                    009A   1145 G$RB8$0$0 == 0x009a
                    009A   1146 _RB8	=	0x009a
                    009C   1147 G$REN$0$0 == 0x009c
                    009C   1148 _REN	=	0x009c
                    0098   1149 G$RI$0$0 == 0x0098
                    0098   1150 _RI	=	0x0098
                    009F   1151 G$SM0$0$0 == 0x009f
                    009F   1152 _SM0	=	0x009f
                    009E   1153 G$SM1$0$0 == 0x009e
                    009E   1154 _SM1	=	0x009e
                    009D   1155 G$SM2$0$0 == 0x009d
                    009D   1156 _SM2	=	0x009d
                    009B   1157 G$TB8$0$0 == 0x009b
                    009B   1158 _TB8	=	0x009b
                    0099   1159 G$TI$0$0 == 0x0099
                    0099   1160 _TI	=	0x0099
                    00C1   1161 G$C_T2$0$0 == 0x00c1
                    00C1   1162 _C_T2	=	0x00c1
                    00C0   1163 G$CP_RL2$0$0 == 0x00c0
                    00C0   1164 _CP_RL2	=	0x00c0
                    00C3   1165 G$EXEN2$0$0 == 0x00c3
                    00C3   1166 _EXEN2	=	0x00c3
                    00C6   1167 G$EXF2$0$0 == 0x00c6
                    00C6   1168 _EXF2	=	0x00c6
                    00C7   1169 G$TF2$0$0 == 0x00c7
                    00C7   1170 _TF2	=	0x00c7
                    00C2   1171 G$TR2$0$0 == 0x00c2
                    00C2   1172 _TR2	=	0x00c2
                    0089   1173 G$IE0$0$0 == 0x0089
                    0089   1174 _IE0	=	0x0089
                    008B   1175 G$IE1$0$0 == 0x008b
                    008B   1176 _IE1	=	0x008b
                    0088   1177 G$IT0$0$0 == 0x0088
                    0088   1178 _IT0	=	0x0088
                    008A   1179 G$IT1$0$0 == 0x008a
                    008A   1180 _IT1	=	0x008a
                    008D   1181 G$TF0$0$0 == 0x008d
                    008D   1182 _TF0	=	0x008d
                    008F   1183 G$TF1$0$0 == 0x008f
                    008F   1184 _TF1	=	0x008f
                    008C   1185 G$TR0$0$0 == 0x008c
                    008C   1186 _TR0	=	0x008c
                    008E   1187 G$TR1$0$0 == 0x008e
                    008E   1188 _TR1	=	0x008e
                    00CA   1189 G$RB8_1$0$0 == 0x00ca
                    00CA   1190 _RB8_1	=	0x00ca
                    00CC   1191 G$REN_1$0$0 == 0x00cc
                    00CC   1192 _REN_1	=	0x00cc
                    00C8   1193 G$RI_1$0$0 == 0x00c8
                    00C8   1194 _RI_1	=	0x00c8
                    00CF   1195 G$SM0_1$0$0 == 0x00cf
                    00CF   1196 _SM0_1	=	0x00cf
                    00CE   1197 G$SM1_1$0$0 == 0x00ce
                    00CE   1198 _SM1_1	=	0x00ce
                    00CD   1199 G$SM2_1$0$0 == 0x00cd
                    00CD   1200 _SM2_1	=	0x00cd
                    00CB   1201 G$TB8_1$0$0 == 0x00cb
                    00CB   1202 _TB8_1	=	0x00cb
                    00C9   1203 G$TI_1$0$0 == 0x00c9
                    00C9   1204 _TI_1	=	0x00c9
                    0080   1205 G$P0_0$0$0 == 0x0080
                    0080   1206 _P0_0	=	0x0080
                    0081   1207 G$P0_1$0$0 == 0x0081
                    0081   1208 _P0_1	=	0x0081
                    0082   1209 G$P0_2$0$0 == 0x0082
                    0082   1210 _P0_2	=	0x0082
                    0083   1211 G$P0_3$0$0 == 0x0083
                    0083   1212 _P0_3	=	0x0083
                    0084   1213 G$P0_4$0$0 == 0x0084
                    0084   1214 _P0_4	=	0x0084
                    0085   1215 G$P0_5$0$0 == 0x0085
                    0085   1216 _P0_5	=	0x0085
                    0086   1217 G$P0_6$0$0 == 0x0086
                    0086   1218 _P0_6	=	0x0086
                    0087   1219 G$P0_7$0$0 == 0x0087
                    0087   1220 _P0_7	=	0x0087
                    0090   1221 G$P1_0$0$0 == 0x0090
                    0090   1222 _P1_0	=	0x0090
                    0091   1223 G$P1_1$0$0 == 0x0091
                    0091   1224 _P1_1	=	0x0091
                    0092   1225 G$P1_2$0$0 == 0x0092
                    0092   1226 _P1_2	=	0x0092
                    0093   1227 G$P1_3$0$0 == 0x0093
                    0093   1228 _P1_3	=	0x0093
                    0094   1229 G$P1_4$0$0 == 0x0094
                    0094   1230 _P1_4	=	0x0094
                    0095   1231 G$P1_5$0$0 == 0x0095
                    0095   1232 _P1_5	=	0x0095
                    0096   1233 G$P1_6$0$0 == 0x0096
                    0096   1234 _P1_6	=	0x0096
                    0097   1235 G$P1_7$0$0 == 0x0097
                    0097   1236 _P1_7	=	0x0097
                    00A0   1237 G$P2_0$0$0 == 0x00a0
                    00A0   1238 _P2_0	=	0x00a0
                    00A1   1239 G$P2_1$0$0 == 0x00a1
                    00A1   1240 _P2_1	=	0x00a1
                    00A2   1241 G$P2_2$0$0 == 0x00a2
                    00A2   1242 _P2_2	=	0x00a2
                    00A3   1243 G$P2_3$0$0 == 0x00a3
                    00A3   1244 _P2_3	=	0x00a3
                    00A4   1245 G$P2_4$0$0 == 0x00a4
                    00A4   1246 _P2_4	=	0x00a4
                    00A5   1247 G$P2_5$0$0 == 0x00a5
                    00A5   1248 _P2_5	=	0x00a5
                    00A6   1249 G$P2_6$0$0 == 0x00a6
                    00A6   1250 _P2_6	=	0x00a6
                    00A7   1251 G$P2_7$0$0 == 0x00a7
                    00A7   1252 _P2_7	=	0x00a7
                    00B0   1253 G$P3_0$0$0 == 0x00b0
                    00B0   1254 _P3_0	=	0x00b0
                    00B1   1255 G$P3_1$0$0 == 0x00b1
                    00B1   1256 _P3_1	=	0x00b1
                    00B2   1257 G$P3_2$0$0 == 0x00b2
                    00B2   1258 _P3_2	=	0x00b2
                    00B3   1259 G$P3_3$0$0 == 0x00b3
                    00B3   1260 _P3_3	=	0x00b3
                    00B4   1261 G$P3_4$0$0 == 0x00b4
                    00B4   1262 _P3_4	=	0x00b4
                    00B5   1263 G$P3_5$0$0 == 0x00b5
                    00B5   1264 _P3_5	=	0x00b5
                    00B6   1265 G$P3_6$0$0 == 0x00b6
                    00B6   1266 _P3_6	=	0x00b6
                    00B7   1267 G$P3_7$0$0 == 0x00b7
                    00B7   1268 _P3_7	=	0x00b7
                    00C8   1269 G$P4_0$0$0 == 0x00c8
                    00C8   1270 _P4_0	=	0x00c8
                    00C9   1271 G$P4_1$0$0 == 0x00c9
                    00C9   1272 _P4_1	=	0x00c9
                    00CA   1273 G$P4_2$0$0 == 0x00ca
                    00CA   1274 _P4_2	=	0x00ca
                    00CB   1275 G$P4_3$0$0 == 0x00cb
                    00CB   1276 _P4_3	=	0x00cb
                    00CC   1277 G$P4_4$0$0 == 0x00cc
                    00CC   1278 _P4_4	=	0x00cc
                    00CD   1279 G$P4_5$0$0 == 0x00cd
                    00CD   1280 _P4_5	=	0x00cd
                    00CE   1281 G$P4_6$0$0 == 0x00ce
                    00CE   1282 _P4_6	=	0x00ce
                    00CF   1283 G$P4_7$0$0 == 0x00cf
                    00CF   1284 _P4_7	=	0x00cf
                           1285 ;--------------------------------------------------------
                           1286 ; overlayable register banks
                           1287 ;--------------------------------------------------------
                           1288 	.area REG_BANK_0	(REL,OVR,DATA)
   0000                    1289 	.ds 8
                           1290 ;--------------------------------------------------------
                           1291 ; overlayable bit register bank
                           1292 ;--------------------------------------------------------
                           1293 	.area BIT_BANK	(REL,OVR,DATA)
   0000                    1294 bits:
   0000                    1295 	.ds 1
                    8000   1296 	b0 = bits[0]
                    8100   1297 	b1 = bits[1]
                    8200   1298 	b2 = bits[2]
                    8300   1299 	b3 = bits[3]
                    8400   1300 	b4 = bits[4]
                    8500   1301 	b5 = bits[5]
                    8600   1302 	b6 = bits[6]
                    8700   1303 	b7 = bits[7]
                           1304 ;--------------------------------------------------------
                           1305 ; internal ram data
                           1306 ;--------------------------------------------------------
                           1307 	.area DSEG    (DATA)
                           1308 ;--------------------------------------------------------
                           1309 ; overlayable items in internal ram 
                           1310 ;--------------------------------------------------------
                           1311 	.area OSEG    (OVR,DATA)
                           1312 ;--------------------------------------------------------
                           1313 ; indirectly addressable internal ram data
                           1314 ;--------------------------------------------------------
                           1315 	.area ISEG    (DATA)
                           1316 ;--------------------------------------------------------
                           1317 ; absolute internal ram data
                           1318 ;--------------------------------------------------------
                           1319 	.area IABS    (ABS,DATA)
                           1320 	.area IABS    (ABS,DATA)
                           1321 ;--------------------------------------------------------
                           1322 ; bit data
                           1323 ;--------------------------------------------------------
                           1324 	.area BSEG    (BIT)
                           1325 ;--------------------------------------------------------
                           1326 ; paged external ram data
                           1327 ;--------------------------------------------------------
                           1328 	.area PSEG    (PAG,XDATA)
                           1329 ;--------------------------------------------------------
                           1330 ; external ram data
                           1331 ;--------------------------------------------------------
                           1332 	.area XSEG    (XDATA)
                           1333 ;--------------------------------------------------------
                           1334 ; absolute external ram data
                           1335 ;--------------------------------------------------------
                           1336 	.area XABS    (ABS,XDATA)
                           1337 ;--------------------------------------------------------
                           1338 ; external initialized ram data
                           1339 ;--------------------------------------------------------
                           1340 	.area XISEG   (XDATA)
                           1341 	.area HOME    (CODE)
                           1342 	.area GSINIT0 (CODE)
                           1343 	.area GSINIT1 (CODE)
                           1344 	.area GSINIT2 (CODE)
                           1345 	.area GSINIT3 (CODE)
                           1346 	.area GSINIT4 (CODE)
                           1347 	.area GSINIT5 (CODE)
                           1348 	.area GSINIT  (CODE)
                           1349 	.area GSFINAL (CODE)
                           1350 	.area CSEG    (CODE)
                           1351 ;--------------------------------------------------------
                           1352 ; global & static initialisations
                           1353 ;--------------------------------------------------------
                           1354 	.area HOME    (CODE)
                           1355 	.area GSINIT  (CODE)
                           1356 	.area GSFINAL (CODE)
                           1357 	.area GSINIT  (CODE)
                           1358 ;--------------------------------------------------------
                           1359 ; Home
                           1360 ;--------------------------------------------------------
                           1361 	.area HOME    (CODE)
                           1362 	.area HOME    (CODE)
                           1363 ;--------------------------------------------------------
                           1364 ; code
                           1365 ;--------------------------------------------------------
                           1366 	.area CSEG    (CODE)
                           1367 ;------------------------------------------------------------
                           1368 ;Allocation info for local variables in function 'SHINT_vInit'
                           1369 ;------------------------------------------------------------
                           1370 ;------------------------------------------------------------
                    0000   1371 	G$SHINT_vInit$0$0 ==.
                    0000   1372 	C$SHARED_INT.C$121$0$0 ==.
                           1373 ;	../SHARED_INT.C:121: void SHINT_vInit(void)
                           1374 ;	-----------------------------------------
                           1375 ;	 function SHINT_vInit
                           1376 ;	-----------------------------------------
   0000                    1377 _SHINT_vInit:
                    0002   1378 	ar2 = 0x02
                    0003   1379 	ar3 = 0x03
                    0004   1380 	ar4 = 0x04
                    0005   1381 	ar5 = 0x05
                    0006   1382 	ar6 = 0x06
                    0007   1383 	ar7 = 0x07
                    0000   1384 	ar0 = 0x00
                    0001   1385 	ar1 = 0x01
                    0000   1386 	C$SHARED_INT.C$134$1$1 ==.
                           1387 ;	../SHARED_INT.C:134: IEN0         |=  0x20;         // load interrupt enable register 0
   0000 43 A8 20           1388 	orl	_IEN0,#0x20
                    0003   1389 	C$SHARED_INT.C$138$1$1 ==.
                           1390 ;	../SHARED_INT.C:138: IEN1         |=  0x00;         // load interrupt enable register 1
   0003 85 E8 E8           1391 	mov	_IEN1,_IEN1
                    0006   1392 	C$SHARED_INT.C$146$1$1 ==.
                    0006   1393 	XG$SHINT_vInit$0$0 ==.
   0006 22                 1394 	ret
                           1395 ;------------------------------------------------------------
                           1396 ;Allocation info for local variables in function 'SHINT_viXINTR5Isr'
                           1397 ;------------------------------------------------------------
                           1398 ;ubNSRL                    Allocated to registers r2 
                           1399 ;ubResetLEC                Allocated to registers 
                           1400 ;------------------------------------------------------------
                    0007   1401 	G$SHINT_viXINTR5Isr$0$0 ==.
                    0007   1402 	C$SHARED_INT.C$190$1$1 ==.
                           1403 ;	../SHARED_INT.C:190: void SHINT_viXINTR5Isr(void) interrupt XINTR5INT
                           1404 ;	-----------------------------------------
                           1405 ;	 function SHINT_viXINTR5Isr
                           1406 ;	-----------------------------------------
   0007                    1407 _SHINT_viXINTR5Isr:
   0007 C0*00              1408 	push	bits
   0009 C0 E0              1409 	push	acc
   000B C0 F0              1410 	push	b
   000D C0 82              1411 	push	dpl
   000F C0 83              1412 	push	dph
   0011 C0 02              1413 	push	(0+2)
   0013 C0 03              1414 	push	(0+3)
   0015 C0 04              1415 	push	(0+4)
   0017 C0 05              1416 	push	(0+5)
   0019 C0 06              1417 	push	(0+6)
   001B C0 07              1418 	push	(0+7)
   001D C0 00              1419 	push	(0+0)
   001F C0 01              1420 	push	(0+1)
   0021 C0 D0              1421 	push	psw
   0023 75 D0 00           1422 	mov	psw,#0x00
                    0026   1423 	C$SHARED_INT.C$199$1$1 ==.
                           1424 ;	../SHARED_INT.C:199: CAN_pushAMRegs();              // push the CAN Access Mediator Registers
   0026                    1425 00101$:
   0026 E5 D8              1426 	mov	a,_CAN_ADCON
   0028 20 E1 FB           1427 	jb	acc.1,00101$
   002B C0 D9 C0 DA C0 DB  1428 	 push 0xD9 push 0xDA push 0xDB push 0xDC push 0xDD push 0xDE 
        C0 DC C0 DD C0 DE
                    0037   1429 	C$SHARED_INT.C$201$1$1 ==.
                           1430 ;	../SHARED_INT.C:201: SFR_PAGE(_su0, SST0);          // switch to page 0
   0037 75 BF 80           1431 	mov	_SCU_PAGE,#0x80
                    003A   1432 	C$SHARED_INT.C$205$1$1 ==.
                           1433 ;	../SHARED_INT.C:205: if (TF2)
                    003A   1434 	C$SHARED_INT.C$209$2$2 ==.
                           1435 ;	../SHARED_INT.C:209: TF2 = 0;
   003A 10 C7 02           1436 	jbc	_TF2,00127$
   003D 80 08              1437 	sjmp	00105$
   003F                    1438 00127$:
                    003F   1439 	C$SHARED_INT.C$212$2$2 ==.
                           1440 ;	../SHARED_INT.C:212: IO_vTogglePin(P3_7);
   003F B2 B7              1441 	cpl	_P3_7
                    0041   1442 	C$SHARED_INT.C$213$2$2 ==.
                           1443 ;	../SHARED_INT.C:213: CAN_vTransmit(0);
   0041 75 82 00           1444 	mov	dpl,#0x00
   0044 12s00r00           1445 	lcall	_CAN_vTransmit
   0047                    1446 00105$:
                    0047   1447 	C$SHARED_INT.C$222$1$1 ==.
                           1448 ;	../SHARED_INT.C:222: if (((IRCON2 & 0x01) != 0))
   0047 E5 B6              1449 	mov	a,_IRCON2
   0049 30 E0 2F           1450 	jnb	acc.0,00115$
                    004C   1451 	C$SHARED_INT.C$225$2$3 ==.
                           1452 ;	../SHARED_INT.C:225: IRCON2 &= ~(ubyte)0x01; //   clear CANSRC0
   004C 53 B6 FE           1453 	anl	_IRCON2,#0xFE
                    004F   1454 	C$SHARED_INT.C$231$2$3 ==.
                           1455 ;	../SHARED_INT.C:231: CAN_vWriteCANAddress(CAN_NSR1);
   004F 75 D9 C1           1456 	mov	_CAN_ADL,#0xC1
   0052 75 DA 00           1457 	mov	_CAN_ADH,#0x00
                    0055   1458 	C$SHARED_INT.C$232$2$3 ==.
                           1459 ;	../SHARED_INT.C:232: CAN_vReadEN();
   0055 75 D8 00           1460 	mov	_CAN_ADCON,#0x00
   0058                    1461 00106$:
   0058 E5 D8              1462 	mov	a,_CAN_ADCON
   005A 20 E1 FB           1463 	jb	acc.1,00106$
                    005D   1464 	C$SHARED_INT.C$233$2$3 ==.
                           1465 ;	../SHARED_INT.C:233: ubNSRL = CAN_DATA0;
                    005D   1466 	C$SHARED_INT.C$243$2$3 ==.
                           1467 ;	../SHARED_INT.C:243: if (ubNSRL & 0x18)  // if TXOK or RXOK
   005D E5 DB              1468 	mov	a,_CAN_DATA0
   005F FA                 1469 	mov	r2,a
   0060 54 18              1470 	anl	a,#0x18
   0062 60 02              1471 	jz	00110$
                    0064   1472 	C$SHARED_INT.C$254$3$4 ==.
                           1473 ;	../SHARED_INT.C:254: IO_vTogglePin(P3_6);
   0064 B2 B6              1474 	cpl	_P3_6
   0066                    1475 00110$:
                    0066   1476 	C$SHARED_INT.C$264$2$3 ==.
                           1477 ;	../SHARED_INT.C:264: CAN_vWriteCANAddress(CAN_NSR1); // Addressing CAN_NSR1
   0066 75 D9 C1           1478 	mov	_CAN_ADL,#0xC1
   0069 75 DA 00           1479 	mov	_CAN_ADH,#0x00
                    006C   1480 	C$SHARED_INT.C$265$2$3 ==.
                           1481 ;	../SHARED_INT.C:265: CAN_DATA0   =  ~(ubNSRL & ubResetLEC);       // load CAN_NSR1 status register[7-0]
   006C 53 02 3F           1482 	anl	ar2,#0x3F
   006F EA                 1483 	mov	a,r2
   0070 F4                 1484 	cpl	a
   0071 F5 DB              1485 	mov	_CAN_DATA0,a
                    0073   1486 	C$SHARED_INT.C$266$2$3 ==.
                           1487 ;	../SHARED_INT.C:266: CAN_vWriteEN(D0_VALID);  // Data0 Valid for
   0073 75 D8 11           1488 	mov	_CAN_ADCON,#0x11
   0076                    1489 00111$:
   0076 E5 D8              1490 	mov	a,_CAN_ADCON
   0078 20 E1 FB           1491 	jb	acc.1,00111$
   007B                    1492 00115$:
                    007B   1493 	C$SHARED_INT.C$280$1$1 ==.
                           1494 ;	../SHARED_INT.C:280: SFR_PAGE(_su0, RST0);          // restore the old SCU page
   007B 75 BF C0           1495 	mov	_SCU_PAGE,#0xC0
                    007E   1496 	C$SHARED_INT.C$282$1$1 ==.
                           1497 ;	../SHARED_INT.C:282: CAN_popAMRegs();               // restore the CAN Access Mediator Registers
   007E D0 DE D0 DD D0 DC  1498 	 pop 0xDE pop 0xDD pop 0xDC pop 0xDB pop 0xDA pop 0xD9 
        D0 DB D0 DA D0 D9
   008A D0 D0              1499 	pop	psw
   008C D0 01              1500 	pop	(0+1)
   008E D0 00              1501 	pop	(0+0)
   0090 D0 07              1502 	pop	(0+7)
   0092 D0 06              1503 	pop	(0+6)
   0094 D0 05              1504 	pop	(0+5)
   0096 D0 04              1505 	pop	(0+4)
   0098 D0 03              1506 	pop	(0+3)
   009A D0 02              1507 	pop	(0+2)
   009C D0 83              1508 	pop	dph
   009E D0 82              1509 	pop	dpl
   00A0 D0 F0              1510 	pop	b
   00A2 D0 E0              1511 	pop	acc
   00A4 D0*00              1512 	pop	bits
                    00A6   1513 	C$SHARED_INT.C$283$1$1 ==.
                    00A6   1514 	XG$SHINT_viXINTR5Isr$0$0 ==.
   00A6 32                 1515 	reti
                           1516 	.area CSEG    (CODE)
                           1517 	.area CONST   (CODE)
                           1518 	.area XINIT   (CODE)
                           1519 	.area CABS    (ABS,CODE)
